IOC_TEST:ec0-s1-EL7037-Enc-Latch-AutoRst
IOC_TEST:ec0-s1-EL7037-Enc-Latch-Rst
IOC_TEST:ec0-s1-EL7037-Enc-Latch-AutoRst_SP
IOC_TEST:ec0-s3-EL2808-BO1
IOC_TEST:ec0-s3-EL2808-BO2
IOC_TEST:ec0-s3-EL2808-BO3
IOC_TEST:ec0-s3-EL2808-BO4
IOC_TEST:ec0-s3-EL2808-BO5
IOC_TEST:ec0-s3-EL2808-BO6
IOC_TEST:ec0-s3-EL2808-BO7
IOC_TEST:ec0-s3-EL2808-BO8
IOC_TEST:MCU-ErrRst
IOC_TEST:ec0-s1-EL7037-Enc-Latch-Cmd
IOC_TEST:ec0-s1-EL7037-Drv-Cmd
IOC_TEST:ec0-s1-EL7037-Drv-Spd
IOC_TEST:ec0-s1-EL7037-Enc-Cmd
IOC_TEST:ec0-s1-EL7037-Enc-PosCmd
IOC_TEST:ec0-s4-EL7211-Drv-Cmd
IOC_TEST:ec0-s4-EL7211-Drv-Spd
IOC_TEST:ec0-s1-EL7037-Stat_
IOC_TEST:ec0-s1-EL7037-Drv-Stat
IOC_TEST:ec0-s1-EL7037-Enc-Stat
IOC_TEST:ec0-s2-EL1808-Stat_
IOC_TEST:ec0-s3-EL2808-Stat_
IOC_TEST:ec0-s4-EL7211-Stat_
IOC_TEST:ec0-s4-EL7211-Drv-Stat
IOC_TEST:ec0-Stat_
IOC_TEST:ec0-Domain-Stat_
REQMOD:mcag-epics4-26340:MODULES
REQMOD:mcag-epics4-26340:VERSIONS
REQMOD:mcag-epics4-26340:MOD_VER
IOC_TEST:MCU-ErrMsg
IOC_TEST:MCU-updated
IOC_TEST:ec0-s1-EL7037-Stat
IOC_TEST:ec0-s2-EL1808-Stat
IOC_TEST:ec0-s3-EL2808-Stat
IOC_TEST:ec0-s4-EL7211-Stat
IOC_TEST:ec0-Stat
IOC_TEST:ec0-slavecounter
IOC_TEST:ec0-memmapcounter
IOC_TEST:ec0-domainfailcountertotal
IOC_TEST:ec0-entrycounter
IOC_TEST:ec0-Domain-Stat
IOC_TEST:ec0-s1-EL7037-online
IOC_TEST:ec0-s1-EL7037-operational
IOC_TEST:ec0-s1-EL7037-alstate-init
IOC_TEST:ec0-s1-EL7037-alstate-preop
IOC_TEST:ec0-s1-EL7037-alstate-safeop
IOC_TEST:ec0-s1-EL7037-alstate-op
IOC_TEST:ec0-s1-EL7037-Drv-Wrn-Alrm
IOC_TEST:ec0-s1-EL7037-Drv-Err-Alrm
IOC_TEST:ec0-s1-EL7037-Drv-Stl-Alrm
IOC_TEST:ec0-s1-EL7037-Drv-SyncErr-Alrm
IOC_TEST:ec0-s1-EL7037-Enc-ExtLatch-OK
IOC_TEST:ec0-s1-EL7037-Enc-OpnCrct-Alrm
IOC_TEST:ec0-s1-EL7037-Enc-Wrn-Alrm
IOC_TEST:ec0-s1-EL7037-Enc-SyncErr-Alrm
IOC_TEST:ec0-s2-EL1808-online
IOC_TEST:ec0-s2-EL1808-operational
IOC_TEST:ec0-s2-EL1808-alstate-init
IOC_TEST:ec0-s2-EL1808-alstate-preop
IOC_TEST:ec0-s2-EL1808-alstate-safeop
IOC_TEST:ec0-s2-EL1808-alstate-op
IOC_TEST:ec0-s2-EL1808-BI1
IOC_TEST:ec0-s2-EL1808-BI2
IOC_TEST:ec0-s2-EL1808-BI3
IOC_TEST:ec0-s2-EL1808-BI4
IOC_TEST:ec0-s2-EL1808-BI5
IOC_TEST:ec0-s2-EL1808-BI6
IOC_TEST:ec0-s2-EL1808-BI7
IOC_TEST:ec0-s2-EL1808-BI8
IOC_TEST:ec0-s3-EL2808-online
IOC_TEST:ec0-s3-EL2808-operational
IOC_TEST:ec0-s3-EL2808-alstate-init
IOC_TEST:ec0-s3-EL2808-alstate-preop
IOC_TEST:ec0-s3-EL2808-alstate-safeop
IOC_TEST:ec0-s3-EL2808-alstate-op
IOC_TEST:ec0-s3-EL2808-BO1-RB
IOC_TEST:ec0-s3-EL2808-BO2-RB
IOC_TEST:ec0-s3-EL2808-BO3-RB
IOC_TEST:ec0-s3-EL2808-BO4-RB
IOC_TEST:ec0-s3-EL2808-BO5-RB
IOC_TEST:ec0-s3-EL2808-BO6-RB
IOC_TEST:ec0-s3-EL2808-BO7-RB
IOC_TEST:ec0-s3-EL2808-BO8-RB
IOC_TEST:ec0-s4-EL7211-online
IOC_TEST:ec0-s4-EL7211-operational
IOC_TEST:ec0-s4-EL7211-alstate-init
IOC_TEST:ec0-s4-EL7211-alstate-preop
IOC_TEST:ec0-s4-EL7211-alstate-safeop
IOC_TEST:ec0-s4-EL7211-alstate-op
IOC_TEST:ec0-s4-EL7211-Drv-Wrn-Alrm
IOC_TEST:ec0-s4-EL7211-Drv-Err-Alrm
IOC_TEST:ec0-linkup
IOC_TEST:ec0-alstates-init
IOC_TEST:ec0-alstates-preop
IOC_TEST:ec0-alstates-safeop
IOC_TEST:ec0-alstates-op
IOC_TEST:ec0-Domain-redunactive
IOC_TEST:ec0-Domain-WC-zero
IOC_TEST:ec0-Domain-WC-incomplete
IOC_TEST:ec0-Domain-WC-complete
IOC_TEST:ec0-Stat-OK
IOC_TEST:ec0-s1-EL7037-entrycounter
IOC_TEST:ec0-s2-EL1808-entrycounter
IOC_TEST:ec0-s3-EL2808-entrycounter
IOC_TEST:ec0-s4-EL7211-entrycounter
IOC_TEST:ec0-slavesresp
IOC_TEST:ec0-Domain-WC
IOC_TEST:ec0-s1-EL7037-One
IOC_TEST:ec0-s1-EL7037-Zero
IOC_TEST:ec0-s2-EL1808-One
IOC_TEST:ec0-s2-EL1808-Zero
IOC_TEST:ec0-s3-EL2808-One
IOC_TEST:ec0-s3-EL2808-Zero
IOC_TEST:ec0-s4-EL7211-One
IOC_TEST:ec0-s4-EL7211-Zero
REQMOD:mcag-epics4-26340:exit
REQMOD:mcag-epics4-26340:BaseVersion
REQMOD:mcag-epics4-26340:require_VER
REQMOD:mcag-epics4-26340:ecmccfg_VER
REQMOD:mcag-epics4-26340:asyn_VER
REQMOD:mcag-epics4-26340:exprtk_VER
REQMOD:mcag-epics4-26340:motor_VER
REQMOD:mcag-epics4-26340:ecmc_VER
IOC_TEST:ec0-s1-EL7037-HWType
IOC_TEST:ec0-s2-EL1808-HWType
IOC_TEST:ec0-s3-EL2808-HWType
IOC_TEST:ec0-s4-EL7211-HWType
IOC_TEST:ec0-s1-EL7037-Drv-Cmd-RB
IOC_TEST:ec0-s1-EL7037-Drv-Spd-RB
IOC_TEST:ec0-s1-EL7037-Enc-PosAct
IOC_TEST:ec0-s1-EL7037-Enc-Latch-PosAct
IOC_TEST:ec0-s1-EL7037-Enc-Cmd-RB
IOC_TEST:ec0-s1-EL7037-Enc-PosCmd-RB
IOC_TEST:ec0-s4-EL7211-Drv-Cmd-RB
IOC_TEST:ec0-s4-EL7211-Drv-Spd-RB
IOC_TEST:ec0-s4-EL7211-Enc-PosAct
IOC_TEST:MCU-app-mode
IOC_TEST:MCU-ErrId
IOC_TEST:MCU-thread-latency-min
IOC_TEST:MCU-thread-latency-max
IOC_TEST:MCU-thread-period-min
IOC_TEST:MCU-thread-period-max
IOC_TEST:MCU-thread-execute-min
IOC_TEST:MCU-thread-execute-max
IOC_TEST:MCU-thread-send-min
IOC_TEST:MCU-thread-send-max
IOC_TEST:MCU-Cmd
